Trying auth for: login
Input pass: password
Stored hash: password
Verify result: false
Trying auth for: admin
Input pass: admin1
Stored hash: $2y$10$w6mEBjM.OyYanuWliezO..Titef2bc60IP0IhEKNs53tapOhaXBIG
Verify result: true
Trying auth for: admin
Input pass: admin1
Stored hash: $2y$10$w6mEBjM.OyYanuWliezO..Titef2bc60IP0IhEKNs53tapOhaXBIG
Verify result: true
Trying auth for: admin
Input pass: admin1
Stored hash: $2y$10$w6mEBjM.OyYanuWliezO..Titef2bc60IP0IhEKNs53tapOhaXBIG
Verify result: true
Trying auth for: admin
Input pass: admin1
Stored hash: $2y$10$w6mEBjM.OyYanuWliezO..Titef2bc60IP0IhEKNs53tapOhaXBIG
Verify result: true
Trying auth for: zxc
Input pass: zxczxc
Stored hash: $2y$10$dSDmsV54nOeWRo8P1x985.uwxr/G5z9tXv0qtpSjMjCuGNCeQczP6
Verify result: true
Trying auth for: zxc
Input pass: zxczxc
Stored hash: $2y$10$dSDmsV54nOeWRo8P1x985.uwxr/G5z9tXv0qtpSjMjCuGNCeQczP6
Verify result: true
Trying auth for: admin
Input pass: admin1
Stored hash: $2y$10$w6mEBjM.OyYanuWliezO..Titef2bc60IP0IhEKNs53tapOhaXBIG
Verify result: true
Trying auth for: zxc
Input pass: zxczxc
Stored hash: $2y$10$dSDmsV54nOeWRo8P1x985.uwxr/G5z9tXv0qtpSjMjCuGNCeQczP6
Verify result: true
Trying auth for: zxc
Input pass: zxczxc
Stored hash: $2y$10$dSDmsV54nOeWRo8P1x985.uwxr/G5z9tXv0qtpSjMjCuGNCeQczP6
Verify result: true
Trying auth for: admin
Input pass: admin1
Stored hash: $2y$10$w6mEBjM.OyYanuWliezO..Titef2bc60IP0IhEKNs53tapOhaXBIG
Verify result: true
Trying auth for: zxc
Input pass: zxczxc
Stored hash: $2y$10$dSDmsV54nOeWRo8P1x985.uwxr/G5z9tXv0qtpSjMjCuGNCeQczP6
Verify result: true
Trying auth for: admin
Input pass: admin1
Stored hash: $2y$10$w6mEBjM.OyYanuWliezO..Titef2bc60IP0IhEKNs53tapOhaXBIG
Verify result: true
Trying auth for: zxc
Input pass: zxczxc
Stored hash: $2y$10$dSDmsV54nOeWRo8P1x985.uwxr/G5z9tXv0qtpSjMjCuGNCeQczP6
Verify result: true
Trying auth for: admin
Input pass: admin1
Stored hash: $2y$10$w6mEBjM.OyYanuWliezO..Titef2bc60IP0IhEKNs53tapOhaXBIG
Verify result: true
Trying auth for: zxc
Input pass: zxczxc
Stored hash: $2y$10$dSDmsV54nOeWRo8P1x985.uwxr/G5z9tXv0qtpSjMjCuGNCeQczP6
Verify result: true
Trying auth for: admin
Input pass: admin1
Stored hash: $2y$10$w6mEBjM.OyYanuWliezO..Titef2bc60IP0IhEKNs53tapOhaXBIG
Verify result: true
Trying auth for: admin
Input pass: admin1
Stored hash: $2y$10$w6mEBjM.OyYanuWliezO..Titef2bc60IP0IhEKNs53tapOhaXBIG
Verify result: true
Trying auth for: admin
Input pass: admin1
Stored hash: $2y$10$w6mEBjM.OyYanuWliezO..Titef2bc60IP0IhEKNs53tapOhaXBIG
Verify result: true
Trying auth for: zxc
Input pass: zxczxc
Stored hash: $2y$10$dSDmsV54nOeWRo8P1x985.uwxr/G5z9tXv0qtpSjMjCuGNCeQczP6
Verify result: true
Trying auth for: zxc
Input pass: zxczxc
Stored hash: $2y$10$dSDmsV54nOeWRo8P1x985.uwxr/G5z9tXv0qtpSjMjCuGNCeQczP6
Verify result: true
Trying auth for: zxc
Input pass: zxczxc
Stored hash: $2y$10$dSDmsV54nOeWRo8P1x985.uwxr/G5z9tXv0qtpSjMjCuGNCeQczP6
Verify result: true
Trying auth for: zxc
Input pass: zxczxc
Stored hash: $2y$10$dSDmsV54nOeWRo8P1x985.uwxr/G5z9tXv0qtpSjMjCuGNCeQczP6
Verify result: true
Trying auth for: admin
Input pass: admin1
Stored hash: $2y$10$w6mEBjM.OyYanuWliezO..Titef2bc60IP0IhEKNs53tapOhaXBIG
Verify result: true
Trying auth for: zxc
Input pass: zxczxc
Stored hash: $2y$10$dSDmsV54nOeWRo8P1x985.uwxr/G5z9tXv0qtpSjMjCuGNCeQczP6
Verify result: true
Trying auth for: admin
Input pass: admin1
Stored hash: $2y$10$w6mEBjM.OyYanuWliezO..Titef2bc60IP0IhEKNs53tapOhaXBIG
Verify result: true
Trying auth for: zxc
Input pass: zxczxc
Stored hash: $2y$10$dSDmsV54nOeWRo8P1x985.uwxr/G5z9tXv0qtpSjMjCuGNCeQczP6
Verify result: true
Trying auth for: admin
Input pass: admin1
Stored hash: $2y$10$w6mEBjM.OyYanuWliezO..Titef2bc60IP0IhEKNs53tapOhaXBIG
Verify result: true
Trying auth for: zxc
Input pass: zxczxc
Stored hash: $2y$10$dSDmsV54nOeWRo8P1x985.uwxr/G5z9tXv0qtpSjMjCuGNCeQczP6
Verify result: true
Trying auth for: admin
Input pass: admin1
Stored hash: $2y$10$w6mEBjM.OyYanuWliezO..Titef2bc60IP0IhEKNs53tapOhaXBIG
Verify result: true
Trying auth for: zxc
Input pass: zxczxc
Stored hash: $2y$10$dSDmsV54nOeWRo8P1x985.uwxr/G5z9tXv0qtpSjMjCuGNCeQczP6
Verify result: true
Trying auth for: zxc
Input pass: zxczxc
Stored hash: $2y$10$dSDmsV54nOeWRo8P1x985.uwxr/G5z9tXv0qtpSjMjCuGNCeQczP6
Verify result: true
Trying auth for: zxc
Input pass: zxczxc
Stored hash: $2y$10$dSDmsV54nOeWRo8P1x985.uwxr/G5z9tXv0qtpSjMjCuGNCeQczP6
Verify result: true
Trying auth for: zxc
Input pass: zxczxc
Stored hash: $2y$10$dSDmsV54nOeWRo8P1x985.uwxr/G5z9tXv0qtpSjMjCuGNCeQczP6
Verify result: true
Trying auth for: zxc
Input pass: zxczxc
Stored hash: $2y$10$dSDmsV54nOeWRo8P1x985.uwxr/G5z9tXv0qtpSjMjCuGNCeQczP6
Verify result: true
Trying auth for: zxc
Input pass: zxczxc
Stored hash: $2y$10$dSDmsV54nOeWRo8P1x985.uwxr/G5z9tXv0qtpSjMjCuGNCeQczP6
Verify result: true
Trying auth for: zxc
Input pass: zxczxc
Stored hash: $2y$10$dSDmsV54nOeWRo8P1x985.uwxr/G5z9tXv0qtpSjMjCuGNCeQczP6
Verify result: true
Trying auth for: admin
Input pass: admin1
Stored hash: $2y$10$w6mEBjM.OyYanuWliezO..Titef2bc60IP0IhEKNs53tapOhaXBIG
Verify result: true
Trying auth for: admin
Input pass: admin1
Stored hash: $2y$10$w6mEBjM.OyYanuWliezO..Titef2bc60IP0IhEKNs53tapOhaXBIG
Verify result: true
Trying auth for: zxc
Input pass: zxczxc
Stored hash: $2y$10$dSDmsV54nOeWRo8P1x985.uwxr/G5z9tXv0qtpSjMjCuGNCeQczP6
Verify result: true
Trying auth for: admin
Input pass: admin1
Stored hash: $2y$10$w6mEBjM.OyYanuWliezO..Titef2bc60IP0IhEKNs53tapOhaXBIG
Verify result: true
Trying auth for: zxc
Input pass: zxczxc
Stored hash: $2y$10$dSDmsV54nOeWRo8P1x985.uwxr/G5z9tXv0qtpSjMjCuGNCeQczP6
Verify result: true
Trying auth for: ww
Input pass: wwwwww
Stored hash: $2y$10$/axtrHuslxQIeqcVd7JJEuAo0Lj6CrN5GYS9EOTkLGbF17UB1TVkm
Verify result: true
Trying auth for: ww
Input pass: wwwwww
Stored hash: $2y$10$/axtrHuslxQIeqcVd7JJEuAo0Lj6CrN5GYS9EOTkLGbF17UB1TVkm
Verify result: true
Trying auth for: admin
Input pass: admin1
Stored hash: $2y$10$w6mEBjM.OyYanuWliezO..Titef2bc60IP0IhEKNs53tapOhaXBIG
Verify result: true
Trying auth for: admin
Input pass: admin1
Stored hash: $2y$10$w6mEBjM.OyYanuWliezO..Titef2bc60IP0IhEKNs53tapOhaXBIG
Verify result: true
Trying auth for: admin
Input pass: admin1
Stored hash: $2y$10$w6mEBjM.OyYanuWliezO..Titef2bc60IP0IhEKNs53tapOhaXBIG
Verify result: true
Trying auth for: ww
Input pass: wwwwww
Stored hash: $2y$10$/axtrHuslxQIeqcVd7JJEuAo0Lj6CrN5GYS9EOTkLGbF17UB1TVkm
Verify result: true
Trying auth for: admin
Input pass: admin1
Stored hash: $2y$10$w6mEBjM.OyYanuWliezO..Titef2bc60IP0IhEKNs53tapOhaXBIG
Verify result: true
Trying auth for: admin
Input pass: admin1
Stored hash: $2y$10$w6mEBjM.OyYanuWliezO..Titef2bc60IP0IhEKNs53tapOhaXBIG
Verify result: true
Trying auth for: ww
Input pass: wwwwww
Stored hash: $2y$10$/axtrHuslxQIeqcVd7JJEuAo0Lj6CrN5GYS9EOTkLGbF17UB1TVkm
Verify result: true
Trying auth for: admin
Input pass: admin1
Stored hash: $2y$10$w6mEBjM.OyYanuWliezO..Titef2bc60IP0IhEKNs53tapOhaXBIG
Verify result: true
Trying auth for: ww
Input pass: wwwwww
Stored hash: $2y$10$/axtrHuslxQIeqcVd7JJEuAo0Lj6CrN5GYS9EOTkLGbF17UB1TVkm
Verify result: true
Trying auth for: admin
Input pass: admin1
Stored hash: $2y$10$w6mEBjM.OyYanuWliezO..Titef2bc60IP0IhEKNs53tapOhaXBIG
Verify result: true
Trying auth for: ww
Input pass: wwwwww
Stored hash: $2y$10$/axtrHuslxQIeqcVd7JJEuAo0Lj6CrN5GYS9EOTkLGbF17UB1TVkm
Verify result: true
Trying auth for: admin
Input pass: admin1
Stored hash: $2y$10$w6mEBjM.OyYanuWliezO..Titef2bc60IP0IhEKNs53tapOhaXBIG
Verify result: true
Trying auth for: admin
Input pass: admin1
Stored hash: $2y$10$w6mEBjM.OyYanuWliezO..Titef2bc60IP0IhEKNs53tapOhaXBIG
Verify result: true
Trying auth for: admin
Input pass: admin1
Stored hash: $2y$10$w6mEBjM.OyYanuWliezO..Titef2bc60IP0IhEKNs53tapOhaXBIG
Verify result: true
Trying auth for: zxc
Input pass: zxczxc
Stored hash: $2y$10$dSDmsV54nOeWRo8P1x985.uwxr/G5z9tXv0qtpSjMjCuGNCeQczP6
Verify result: true
Trying auth for: admin
Input pass: admin1
Stored hash: $2y$10$w6mEBjM.OyYanuWliezO..Titef2bc60IP0IhEKNs53tapOhaXBIG
Verify result: true
Trying auth for: ww
Input pass: wwwwww
Stored hash: $2y$10$/axtrHuslxQIeqcVd7JJEuAo0Lj6CrN5GYS9EOTkLGbF17UB1TVkm
Verify result: true
Trying auth for: admin
Input pass: admin1
Stored hash: $2y$10$w6mEBjM.OyYanuWliezO..Titef2bc60IP0IhEKNs53tapOhaXBIG
Verify result: true
Trying auth for: ovkir125
Input pass: 333221
Stored hash: $2y$10$8UIUcTrP/DroJIvhf5klfOsR8Go0wSr3GpGEzDRtLxmsng8BNjGv2
Verify result: true
Trying auth for: admin
Input pass: admin1
Stored hash: $2y$10$w6mEBjM.OyYanuWliezO..Titef2bc60IP0IhEKNs53tapOhaXBIG
Verify result: true
Trying auth for: ovkir125
Input pass: 333221
Stored hash: $2y$10$8UIUcTrP/DroJIvhf5klfOsR8Go0wSr3GpGEzDRtLxmsng8BNjGv2
Verify result: true
Trying auth for: admin
Input pass: admin1
Stored hash: $2y$10$w6mEBjM.OyYanuWliezO..Titef2bc60IP0IhEKNs53tapOhaXBIG
Verify result: true
Trying auth for: admin
Input pass: admin1
Stored hash: $2y$10$w6mEBjM.OyYanuWliezO..Titef2bc60IP0IhEKNs53tapOhaXBIG
Verify result: true
Trying auth for: ovkir125
Input pass: 333221
Stored hash: $2y$10$8UIUcTrP/DroJIvhf5klfOsR8Go0wSr3GpGEzDRtLxmsng8BNjGv2
Verify result: true
Trying auth for: admin
Input pass: admin1
Stored hash: $2y$10$w6mEBjM.OyYanuWliezO..Titef2bc60IP0IhEKNs53tapOhaXBIG
Verify result: true
Trying auth for: ww
Input pass: wwwwww
Stored hash: $2y$10$/axtrHuslxQIeqcVd7JJEuAo0Lj6CrN5GYS9EOTkLGbF17UB1TVkm
Verify result: true
Trying auth for: admin
Input pass: admin1
Stored hash: $2y$10$w6mEBjM.OyYanuWliezO..Titef2bc60IP0IhEKNs53tapOhaXBIG
Verify result: true
Trying auth for: ww
Input pass: wwwwww
Stored hash: $2y$10$/axtrHuslxQIeqcVd7JJEuAo0Lj6CrN5GYS9EOTkLGbF17UB1TVkm
Verify result: true
Trying auth for: admin
Input pass: admin1
Stored hash: $2y$10$w6mEBjM.OyYanuWliezO..Titef2bc60IP0IhEKNs53tapOhaXBIG
Verify result: true
Trying auth for: admin
Input pass: admin1
Stored hash: $2y$10$w6mEBjM.OyYanuWliezO..Titef2bc60IP0IhEKNs53tapOhaXBIG
Verify result: true
Trying auth for: Влад
Input pass: 123456
Stored hash: $2y$10$7sRfahHTqtDoF7k.71ZBaOA/MR4QpgFrqgh.CjeDEqeWMbwJkCEE6
Verify result: true
Trying auth for: admin
Input pass: admin1
Stored hash: $2y$10$w6mEBjM.OyYanuWliezO..Titef2bc60IP0IhEKNs53tapOhaXBIG
Verify result: true
Trying auth for: admin
Input pass: admin1
Stored hash: $2y$10$w6mEBjM.OyYanuWliezO..Titef2bc60IP0IhEKNs53tapOhaXBIG
Verify result: true
Trying auth for: admin
Input pass: admin1
Stored hash: $2y$10$w6mEBjM.OyYanuWliezO..Titef2bc60IP0IhEKNs53tapOhaXBIG
Verify result: true
Trying auth for: zxc
Input pass: zxczxc
Stored hash: $2y$10$dSDmsV54nOeWRo8P1x985.uwxr/G5z9tXv0qtpSjMjCuGNCeQczP6
Verify result: true
Trying auth for: admin
Input pass: admin1
Stored hash: $2y$10$w6mEBjM.OyYanuWliezO..Titef2bc60IP0IhEKNs53tapOhaXBIG
Verify result: true
Trying auth for: admin
Input pass: admin1
Stored hash: $2y$10$w6mEBjM.OyYanuWliezO..Titef2bc60IP0IhEKNs53tapOhaXBIG
Verify result: true
Trying auth for: admin
Input pass: admin1
Stored hash: $2y$10$w6mEBjM.OyYanuWliezO..Titef2bc60IP0IhEKNs53tapOhaXBIG
Verify result: true
Trying auth for: admin
Input pass: admin1
Stored hash: $2y$10$w6mEBjM.OyYanuWliezO..Titef2bc60IP0IhEKNs53tapOhaXBIG
Verify result: true
Trying auth for: zxc
Input pass: zxczxc
Stored hash: $2y$10$dSDmsV54nOeWRo8P1x985.uwxr/G5z9tXv0qtpSjMjCuGNCeQczP6
Verify result: true
Trying auth for: zxc
Input pass: zxczxc
Stored hash: $2y$10$dSDmsV54nOeWRo8P1x985.uwxr/G5z9tXv0qtpSjMjCuGNCeQczP6
Verify result: true
Trying auth for: admin
Input pass: admin1
Stored hash: $2y$10$w6mEBjM.OyYanuWliezO..Titef2bc60IP0IhEKNs53tapOhaXBIG
Verify result: true
Trying auth for: admin
Input pass: admin1
Stored hash: $2y$10$w6mEBjM.OyYanuWliezO..Titef2bc60IP0IhEKNs53tapOhaXBIG
Verify result: true
Trying auth for: admin
Input pass: admin1
Stored hash: $2y$10$w6mEBjM.OyYanuWliezO..Titef2bc60IP0IhEKNs53tapOhaXBIG
Verify result: true
Trying auth for: admin
Input pass: admin1
Stored hash: $2y$10$w6mEBjM.OyYanuWliezO..Titef2bc60IP0IhEKNs53tapOhaXBIG
Verify result: true
Trying auth for: zxc
Input pass: zxczxc
Stored hash: $2y$10$dSDmsV54nOeWRo8P1x985.uwxr/G5z9tXv0qtpSjMjCuGNCeQczP6
Verify result: true
Trying auth for: admin
Input pass: admin1
Stored hash: $2y$10$w6mEBjM.OyYanuWliezO..Titef2bc60IP0IhEKNs53tapOhaXBIG
Verify result: true
Trying auth for: admin
Input pass: admin1
Stored hash: $2y$10$w6mEBjM.OyYanuWliezO..Titef2bc60IP0IhEKNs53tapOhaXBIG
Verify result: true
Trying auth for: admin
Input pass: admin1
Stored hash: $2y$10$w6mEBjM.OyYanuWliezO..Titef2bc60IP0IhEKNs53tapOhaXBIG
Verify result: true
Trying auth for: admin
Input pass: admin1
Stored hash: $2y$10$w6mEBjM.OyYanuWliezO..Titef2bc60IP0IhEKNs53tapOhaXBIG
Verify result: true
Trying auth for: admin
Input pass: фвьшт1
Stored hash: $2y$10$w6mEBjM.OyYanuWliezO..Titef2bc60IP0IhEKNs53tapOhaXBIG
Verify result: false
Trying auth for: admin
Input pass: admin1
Stored hash: $2y$10$w6mEBjM.OyYanuWliezO..Titef2bc60IP0IhEKNs53tapOhaXBIG
Verify result: true
Trying auth for: admin
Input pass: admin1
Stored hash: $2y$10$w6mEBjM.OyYanuWliezO..Titef2bc60IP0IhEKNs53tapOhaXBIG
Verify result: true
Trying auth for: zxc
Input pass: zxczxc
Stored hash: $2y$10$dSDmsV54nOeWRo8P1x985.uwxr/G5z9tXv0qtpSjMjCuGNCeQczP6
Verify result: true
Trying auth for: zxc
Input pass: zxczxc
Stored hash: $2y$10$dSDmsV54nOeWRo8P1x985.uwxr/G5z9tXv0qtpSjMjCuGNCeQczP6
Verify result: true
Trying auth for: zxc
Input pass: zxczxc
Stored hash: $2y$10$dSDmsV54nOeWRo8P1x985.uwxr/G5z9tXv0qtpSjMjCuGNCeQczP6
Verify result: true
Trying auth for: zxc
Input pass: zxczxc
Stored hash: $2y$10$dSDmsV54nOeWRo8P1x985.uwxr/G5z9tXv0qtpSjMjCuGNCeQczP6
Verify result: true
Trying auth for: zxc
Input pass: zxczxc
Stored hash: $2y$10$dSDmsV54nOeWRo8P1x985.uwxr/G5z9tXv0qtpSjMjCuGNCeQczP6
Verify result: true
Trying auth for: zxc
Input pass: zxczxc
Stored hash: $2y$10$dSDmsV54nOeWRo8P1x985.uwxr/G5z9tXv0qtpSjMjCuGNCeQczP6
Verify result: true
Trying auth for: zxc
Input pass: zxczxc
Stored hash: $2y$10$dSDmsV54nOeWRo8P1x985.uwxr/G5z9tXv0qtpSjMjCuGNCeQczP6
Verify result: true
Trying auth for: zxc
Input pass: zxczxc
Stored hash: $2y$10$dSDmsV54nOeWRo8P1x985.uwxr/G5z9tXv0qtpSjMjCuGNCeQczP6
Verify result: true
Trying auth for: zxc
Input pass: zxczxc
Stored hash: $2y$10$dSDmsV54nOeWRo8P1x985.uwxr/G5z9tXv0qtpSjMjCuGNCeQczP6
Verify result: true
Trying auth for: zxc
Input pass: zxczxc
Stored hash: $2y$10$dSDmsV54nOeWRo8P1x985.uwxr/G5z9tXv0qtpSjMjCuGNCeQczP6
Verify result: true
Trying auth for: zxc
Input pass: zxczxc
Stored hash: $2y$10$dSDmsV54nOeWRo8P1x985.uwxr/G5z9tXv0qtpSjMjCuGNCeQczP6
Verify result: true
Trying auth for: ww
Input pass: wwwwww
Stored hash: $2y$10$/axtrHuslxQIeqcVd7JJEuAo0Lj6CrN5GYS9EOTkLGbF17UB1TVkm
Verify result: true
Trying auth for: zxc
Input pass: zxczxc
Stored hash: $2y$10$dSDmsV54nOeWRo8P1x985.uwxr/G5z9tXv0qtpSjMjCuGNCeQczP6
Verify result: true
Trying auth for: zxc
Input pass: zxczxc
Stored hash: $2y$10$dSDmsV54nOeWRo8P1x985.uwxr/G5z9tXv0qtpSjMjCuGNCeQczP6
Verify result: true
Trying auth for: admin
Input pass: admin1
Stored hash: $2y$10$w6mEBjM.OyYanuWliezO..Titef2bc60IP0IhEKNs53tapOhaXBIG
Verify result: true
Trying auth for: zxc
Input pass: zxczxc
Stored hash: $2y$10$dSDmsV54nOeWRo8P1x985.uwxr/G5z9tXv0qtpSjMjCuGNCeQczP6
Verify result: true
Trying auth for: zxc
Input pass: zxczxc
Stored hash: $2y$10$dSDmsV54nOeWRo8P1x985.uwxr/G5z9tXv0qtpSjMjCuGNCeQczP6
Verify result: true
Trying auth for: ww
Input pass: wwwwww
Stored hash: $2y$10$/axtrHuslxQIeqcVd7JJEuAo0Lj6CrN5GYS9EOTkLGbF17UB1TVkm
Verify result: true
Trying auth for: ww
Input pass: wwwwww
Stored hash: $2y$10$/axtrHuslxQIeqcVd7JJEuAo0Lj6CrN5GYS9EOTkLGbF17UB1TVkm
Verify result: true
Trying auth for: zxc
Input pass: zxczxc
Stored hash: $2y$10$dSDmsV54nOeWRo8P1x985.uwxr/G5z9tXv0qtpSjMjCuGNCeQczP6
Verify result: true
Trying auth for: admin
Input pass: admin1
Stored hash: $2y$10$w6mEBjM.OyYanuWliezO..Titef2bc60IP0IhEKNs53tapOhaXBIG
Verify result: true
Trying auth for: zxc
Input pass: zxczxc
Stored hash: $2y$10$dSDmsV54nOeWRo8P1x985.uwxr/G5z9tXv0qtpSjMjCuGNCeQczP6
Verify result: true
Trying auth for: ww
Input pass: wwwwww
Stored hash: $2y$10$/axtrHuslxQIeqcVd7JJEuAo0Lj6CrN5GYS9EOTkLGbF17UB1TVkm
Verify result: true
Trying auth for: zxc
Input pass: zxczxc
Stored hash: $2y$10$dSDmsV54nOeWRo8P1x985.uwxr/G5z9tXv0qtpSjMjCuGNCeQczP6
Verify result: true
Trying auth for: admin
Input pass: admin1
Stored hash: $2y$10$w6mEBjM.OyYanuWliezO..Titef2bc60IP0IhEKNs53tapOhaXBIG
Verify result: true
Trying auth for: zxc
Input pass: zxczxc
Stored hash: $2y$10$dSDmsV54nOeWRo8P1x985.uwxr/G5z9tXv0qtpSjMjCuGNCeQczP6
Verify result: true
Trying auth for: zxc
Input pass: zxczxc
Stored hash: $2y$10$dSDmsV54nOeWRo8P1x985.uwxr/G5z9tXv0qtpSjMjCuGNCeQczP6
Verify result: true
Trying auth for: admin
Input pass: admin1
Stored hash: $2y$10$w6mEBjM.OyYanuWliezO..Titef2bc60IP0IhEKNs53tapOhaXBIG
Verify result: true
Trying auth for: zxc
Input pass: zxczxc
Stored hash: $2y$10$dSDmsV54nOeWRo8P1x985.uwxr/G5z9tXv0qtpSjMjCuGNCeQczP6
Verify result: true
Trying auth for: admin
Input pass: admin1
Stored hash: $2y$10$w6mEBjM.OyYanuWliezO..Titef2bc60IP0IhEKNs53tapOhaXBIG
Verify result: true
Trying auth for: admin
Input pass: admin1
Stored hash: $2y$10$w6mEBjM.OyYanuWliezO..Titef2bc60IP0IhEKNs53tapOhaXBIG
Verify result: true
Trying auth for: admin
Input pass: admin1
Stored hash: admin1
Verify result: false
Trying auth for: admin
Input pass: admin1
Stored hash: admin1
Verify result: false
Trying auth for: admin
Input pass: admin1
Stored hash: admin1
Verify result: false
Trying auth for: admin
Input pass: admin1
Stored hash: admin1
Verify result: false
Trying auth for: admin
Input pass: admin1
Stored hash: admin1
Verify result: false
Trying auth for: admin
Input pass: admin1
Stored hash: $2y$10$I9tzsstT2BZYs69AcJBLUOFKuhzE8UaAeC7LN2gTqFKtenLib3C16
Verify result: true
Trying auth for: worker
Input pass: worker1
Stored hash: $2y$10$AlnWfoOmL1TjYCVV/fHa7.K6nn4yJeUJAKMHZjHxe.pQRsyXeOp4K
Verify result: true
Trying auth for: analyser
Input pass: analyser1
Stored hash: $2y$10$0S72baDr6b5j5/sxDNNrlO9z.oKxYsgIFOT2cjCQWkdlxC0NIGd7e
Verify result: true
Trying auth for: analyser
Input pass: analyser1
Stored hash: $2y$10$0S72baDr6b5j5/sxDNNrlO9z.oKxYsgIFOT2cjCQWkdlxC0NIGd7e
Verify result: true
Trying auth for: admin
Input pass: admin1
Stored hash: $2y$10$I9tzsstT2BZYs69AcJBLUOFKuhzE8UaAeC7LN2gTqFKtenLib3C16
Verify result: true
Trying auth for: worker
Input pass: worker1
Stored hash: $2y$10$AlnWfoOmL1TjYCVV/fHa7.K6nn4yJeUJAKMHZjHxe.pQRsyXeOp4K
Verify result: true
Trying auth for: analyser
Input pass: analyser
Stored hash: $2y$10$0S72baDr6b5j5/sxDNNrlO9z.oKxYsgIFOT2cjCQWkdlxC0NIGd7e
Verify result: false
Trying auth for: analyser
Input pass: analyser1
Stored hash: $2y$10$0S72baDr6b5j5/sxDNNrlO9z.oKxYsgIFOT2cjCQWkdlxC0NIGd7e
Verify result: true
Trying auth for: admin
Input pass: ADMIN1
Stored hash: $2y$10$I9tzsstT2BZYs69AcJBLUOFKuhzE8UaAeC7LN2gTqFKtenLib3C16
Verify result: false
Trying auth for: admin
Input pass: admin1
Stored hash: $2y$10$I9tzsstT2BZYs69AcJBLUOFKuhzE8UaAeC7LN2gTqFKtenLib3C16
Verify result: true
Trying auth for: analyser
Input pass: analyser1
Stored hash: $2y$10$0S72baDr6b5j5/sxDNNrlO9z.oKxYsgIFOT2cjCQWkdlxC0NIGd7e
Verify result: true
Trying auth for: worker
Input pass: worker1
Stored hash: $2y$10$AlnWfoOmL1TjYCVV/fHa7.K6nn4yJeUJAKMHZjHxe.pQRsyXeOp4K
Verify result: true
Trying auth for: worker
Input pass: worker1
Stored hash: $2y$10$AlnWfoOmL1TjYCVV/fHa7.K6nn4yJeUJAKMHZjHxe.pQRsyXeOp4K
Verify result: true
Trying auth for: worker
Input pass: worker1
Stored hash: $2y$10$AlnWfoOmL1TjYCVV/fHa7.K6nn4yJeUJAKMHZjHxe.pQRsyXeOp4K
Verify result: true
Trying auth for: admin
Input pass: admin1
Stored hash: $2y$10$I9tzsstT2BZYs69AcJBLUOFKuhzE8UaAeC7LN2gTqFKtenLib3C16
Verify result: true
Trying auth for: analyser
Input pass: analyser1
Stored hash: $2y$10$0S72baDr6b5j5/sxDNNrlO9z.oKxYsgIFOT2cjCQWkdlxC0NIGd7e
Verify result: true
Trying auth for: admin
Input pass: admin1
Stored hash: $2y$10$I9tzsstT2BZYs69AcJBLUOFKuhzE8UaAeC7LN2gTqFKtenLib3C16
Verify result: true
Trying auth for: analyser
Input pass: analyser1
Stored hash: $2y$10$0S72baDr6b5j5/sxDNNrlO9z.oKxYsgIFOT2cjCQWkdlxC0NIGd7e
Verify result: true
Trying auth for: zxc
Input pass: zxczxc
Stored hash: $2y$10$dSDmsV54nOeWRo8P1x985.uwxr/G5z9tXv0qtpSjMjCuGNCeQczP6
Verify result: true
Trying auth for: ww
Input pass: wwwwwww
Stored hash: $2y$10$ND9/PD3WLA6hT1jbQR3y.uqwvEJhqjnBW2zH7bB/XhF5fVP.nlMUi
Verify result: false
Trying auth for: ww
Input pass: wwwwww
Stored hash: $2y$10$ND9/PD3WLA6hT1jbQR3y.uqwvEJhqjnBW2zH7bB/XhF5fVP.nlMUi
Verify result: false
Trying auth for: ww
Input pass: wwwwww
Stored hash: $2y$10$ex7DcAGWqYVD0OtngJVt4es6cif5K6mSw/G7PacGKCOWQp85bQ5mG
Verify result: true
Trying auth for: admin
Input pass: admin1
Stored hash: $2y$10$w6mEBjM.OyYanuWliezO..Titef2bc60IP0IhEKNs53tapOhaXBIG
Verify result: true
Trying auth for: zxc
Input pass: zxczxc
Stored hash: $2y$10$dSDmsV54nOeWRo8P1x985.uwxr/G5z9tXv0qtpSjMjCuGNCeQczP6
Verify result: true
Trying auth for: zxc
Input pass: zxczxc
Stored hash: $2y$10$dSDmsV54nOeWRo8P1x985.uwxr/G5z9tXv0qtpSjMjCuGNCeQczP6
Verify result: true
Trying auth for: ww
Input pass: wwwwww
Stored hash: $2y$10$ex7DcAGWqYVD0OtngJVt4es6cif5K6mSw/G7PacGKCOWQp85bQ5mG
Verify result: true
Trying auth for: zxc
Input pass: zxczxc
Stored hash: $2y$10$dSDmsV54nOeWRo8P1x985.uwxr/G5z9tXv0qtpSjMjCuGNCeQczP6
Verify result: true
Trying auth for: ww
Input pass: wwwwww
Stored hash: $2y$10$ex7DcAGWqYVD0OtngJVt4es6cif5K6mSw/G7PacGKCOWQp85bQ5mG
Verify result: true
Trying auth for: zxc
Input pass: zxczxc
Stored hash: $2y$10$dSDmsV54nOeWRo8P1x985.uwxr/G5z9tXv0qtpSjMjCuGNCeQczP6
Verify result: true
Trying auth for: ww
Input pass: wwwwww
Stored hash: $2y$10$ex7DcAGWqYVD0OtngJVt4es6cif5K6mSw/G7PacGKCOWQp85bQ5mG
Verify result: true
Trying auth for: zxc
Input pass: zxczxc
Stored hash: $2y$10$dSDmsV54nOeWRo8P1x985.uwxr/G5z9tXv0qtpSjMjCuGNCeQczP6
Verify result: true
Trying auth for: ww
Input pass: wwwwww
Stored hash: $2y$10$ex7DcAGWqYVD0OtngJVt4es6cif5K6mSw/G7PacGKCOWQp85bQ5mG
Verify result: true
Trying auth for: zxc
Input pass: zxczxc
Stored hash: $2y$10$dSDmsV54nOeWRo8P1x985.uwxr/G5z9tXv0qtpSjMjCuGNCeQczP6
Verify result: true
Trying auth for: ww
Input pass: wwwwww
Stored hash: $2y$10$ex7DcAGWqYVD0OtngJVt4es6cif5K6mSw/G7PacGKCOWQp85bQ5mG
Verify result: true
Trying auth for: zxc
Input pass: zxczxc
Stored hash: $2y$10$dSDmsV54nOeWRo8P1x985.uwxr/G5z9tXv0qtpSjMjCuGNCeQczP6
Verify result: true
Trying auth for: ww
Input pass: wwwwww
Stored hash: $2y$10$ex7DcAGWqYVD0OtngJVt4es6cif5K6mSw/G7PacGKCOWQp85bQ5mG
Verify result: true
Trying auth for: zxc
Input pass: zxczxc
Stored hash: $2y$10$dSDmsV54nOeWRo8P1x985.uwxr/G5z9tXv0qtpSjMjCuGNCeQczP6
Verify result: true
Trying auth for: ww
Input pass: wwwwww
Stored hash: $2y$10$ex7DcAGWqYVD0OtngJVt4es6cif5K6mSw/G7PacGKCOWQp85bQ5mG
Verify result: true
Trying auth for: zxc
Input pass: zxczxc
Stored hash: $2y$10$dSDmsV54nOeWRo8P1x985.uwxr/G5z9tXv0qtpSjMjCuGNCeQczP6
Verify result: true
Trying auth for: zxc
Input pass: zxczxc
Stored hash: $2y$10$dSDmsV54nOeWRo8P1x985.uwxr/G5z9tXv0qtpSjMjCuGNCeQczP6
Verify result: true
Trying auth for: ww
Input pass: wwwwww
Stored hash: $2y$10$ex7DcAGWqYVD0OtngJVt4es6cif5K6mSw/G7PacGKCOWQp85bQ5mG
Verify result: true
Trying auth for: ww
Input pass: wwwwww
Stored hash: $2y$10$ex7DcAGWqYVD0OtngJVt4es6cif5K6mSw/G7PacGKCOWQp85bQ5mG
Verify result: true
Trying auth for: ww
Input pass: wwwwww
Stored hash: $2y$10$ex7DcAGWqYVD0OtngJVt4es6cif5K6mSw/G7PacGKCOWQp85bQ5mG
Verify result: true
Trying auth for: zxc
Input pass: zxczxc
Stored hash: $2y$10$dSDmsV54nOeWRo8P1x985.uwxr/G5z9tXv0qtpSjMjCuGNCeQczP6
Verify result: true
Trying auth for: ww
Input pass: wwwwww
Stored hash: $2y$10$ex7DcAGWqYVD0OtngJVt4es6cif5K6mSw/G7PacGKCOWQp85bQ5mG
Verify result: true
Trying auth for: admin
Input pass: admin1
Stored hash: $2y$10$w6mEBjM.OyYanuWliezO..Titef2bc60IP0IhEKNs53tapOhaXBIG
Verify result: true
Trying auth for: admin
Input pass: admin1
Stored hash: $2y$10$w6mEBjM.OyYanuWliezO..Titef2bc60IP0IhEKNs53tapOhaXBIG
Verify result: true
Trying auth for: admin
Input pass: admin1
Stored hash: $2y$10$w6mEBjM.OyYanuWliezO..Titef2bc60IP0IhEKNs53tapOhaXBIG
Verify result: true
Trying auth for: admin
Input pass: admin1
Stored hash: $2y$10$w6mEBjM.OyYanuWliezO..Titef2bc60IP0IhEKNs53tapOhaXBIG
Verify result: true
Trying auth for: admin
Input pass: admin1
Stored hash: $2y$10$w6mEBjM.OyYanuWliezO..Titef2bc60IP0IhEKNs53tapOhaXBIG
Verify result: true
Trying auth for: admin
Input pass: admin1
Stored hash: $2y$10$w6mEBjM.OyYanuWliezO..Titef2bc60IP0IhEKNs53tapOhaXBIG
Verify result: true
Trying auth for: admin
Input pass: admin1
Stored hash: $2y$10$w6mEBjM.OyYanuWliezO..Titef2bc60IP0IhEKNs53tapOhaXBIG
Verify result: true
Trying auth for: admin
Input pass: admin1
Stored hash: $2y$10$w6mEBjM.OyYanuWliezO..Titef2bc60IP0IhEKNs53tapOhaXBIG
Verify result: true
Trying auth for: zxc
Input pass: zxczxc
Stored hash: $2y$10$dSDmsV54nOeWRo8P1x985.uwxr/G5z9tXv0qtpSjMjCuGNCeQczP6
Verify result: true
Trying auth for: admin
Input pass: admin1
Stored hash: $2y$10$w6mEBjM.OyYanuWliezO..Titef2bc60IP0IhEKNs53tapOhaXBIG
Verify result: true
Trying auth for: admin
Input pass: admin1
Stored hash: $2y$10$w6mEBjM.OyYanuWliezO..Titef2bc60IP0IhEKNs53tapOhaXBIG
Verify result: true
Trying auth for: zxc
Input pass: zxczxc
Stored hash: $2y$10$dSDmsV54nOeWRo8P1x985.uwxr/G5z9tXv0qtpSjMjCuGNCeQczP6
Verify result: true
Trying auth for: ww
Input pass: wwwwww
Stored hash: $2y$10$ex7DcAGWqYVD0OtngJVt4es6cif5K6mSw/G7PacGKCOWQp85bQ5mG
Verify result: true
Trying auth for: zxc
Input pass: zxczxc
Stored hash: $2y$10$dSDmsV54nOeWRo8P1x985.uwxr/G5z9tXv0qtpSjMjCuGNCeQczP6
Verify result: true
Trying auth for: qqqqqq
Input pass: qqqqqq
Stored hash: $2y$10$E0PdWiE8D40fMH5kS36SouQjncyWELJbxKVAnPMBg8bOPU0MOQr4y
Verify result: true
Trying auth for: ww
Input pass: wwwwww
Stored hash: $2y$10$ex7DcAGWqYVD0OtngJVt4es6cif5K6mSw/G7PacGKCOWQp85bQ5mG
Verify result: true
Trying auth for: ww
Input pass: wwwwww
Stored hash: $2y$10$ex7DcAGWqYVD0OtngJVt4es6cif5K6mSw/G7PacGKCOWQp85bQ5mG
Verify result: true
Trying auth for: zxc
Input pass: zxczxc
Stored hash: $2y$10$dSDmsV54nOeWRo8P1x985.uwxr/G5z9tXv0qtpSjMjCuGNCeQczP6
Verify result: true
Trying auth for: zxc
Input pass: zxczxc
Stored hash: $2y$10$dSDmsV54nOeWRo8P1x985.uwxr/G5z9tXv0qtpSjMjCuGNCeQczP6
Verify result: true
Trying auth for: ww
Input pass: wwwwww
Stored hash: $2y$10$ex7DcAGWqYVD0OtngJVt4es6cif5K6mSw/G7PacGKCOWQp85bQ5mG
Verify result: true
Trying auth for: ww
Input pass: wwwwww
Stored hash: $2y$10$ex7DcAGWqYVD0OtngJVt4es6cif5K6mSw/G7PacGKCOWQp85bQ5mG
Verify result: true
Trying auth for: zxc
Input pass: zxczxc
Stored hash: $2y$10$dSDmsV54nOeWRo8P1x985.uwxr/G5z9tXv0qtpSjMjCuGNCeQczP6
Verify result: true
Trying auth for: zxc
Input pass: zxczxc
Stored hash: $2y$10$dSDmsV54nOeWRo8P1x985.uwxr/G5z9tXv0qtpSjMjCuGNCeQczP6
Verify result: true
Trying auth for: ww
Input pass: wwwwww
Stored hash: $2y$10$ex7DcAGWqYVD0OtngJVt4es6cif5K6mSw/G7PacGKCOWQp85bQ5mG
Verify result: true
Trying auth for: ww
Input pass: wwwwww
Stored hash: $2y$10$ex7DcAGWqYVD0OtngJVt4es6cif5K6mSw/G7PacGKCOWQp85bQ5mG
Verify result: true
Trying auth for: ww
Input pass: wwwwww
Stored hash: $2y$10$ex7DcAGWqYVD0OtngJVt4es6cif5K6mSw/G7PacGKCOWQp85bQ5mG
Verify result: true
Trying auth for: ww
Input pass: wwwwww
Stored hash: $2y$10$ex7DcAGWqYVD0OtngJVt4es6cif5K6mSw/G7PacGKCOWQp85bQ5mG
Verify result: true
Trying auth for: zxc
Input pass: zxczxc
Stored hash: $2y$10$dSDmsV54nOeWRo8P1x985.uwxr/G5z9tXv0qtpSjMjCuGNCeQczP6
Verify result: true
Trying auth for: ww
Input pass: wwwwww
Stored hash: $2y$10$ex7DcAGWqYVD0OtngJVt4es6cif5K6mSw/G7PacGKCOWQp85bQ5mG
Verify result: true
Trying auth for: ww
Input pass: wwwwww
Stored hash: $2y$10$ex7DcAGWqYVD0OtngJVt4es6cif5K6mSw/G7PacGKCOWQp85bQ5mG
Verify result: true
Trying auth for: zxc
Input pass: zxczxc
Stored hash: $2y$10$dSDmsV54nOeWRo8P1x985.uwxr/G5z9tXv0qtpSjMjCuGNCeQczP6
Verify result: true
Trying auth for: admin
Input pass: admin1
Stored hash: $2y$10$w6mEBjM.OyYanuWliezO..Titef2bc60IP0IhEKNs53tapOhaXBIG
Verify result: true
Trying auth for: admin
Input pass: admin1
Stored hash: $2y$10$w6mEBjM.OyYanuWliezO..Titef2bc60IP0IhEKNs53tapOhaXBIG
Verify result: true
Trying auth for: ww
Input pass: wwwwww
Stored hash: $2y$10$ex7DcAGWqYVD0OtngJVt4es6cif5K6mSw/G7PacGKCOWQp85bQ5mG
Verify result: true
Trying auth for: ww
Input pass: wwwwww
Stored hash: $2y$10$ex7DcAGWqYVD0OtngJVt4es6cif5K6mSw/G7PacGKCOWQp85bQ5mG
Verify result: true
Trying auth for: ww
Input pass: wwwwww
Stored hash: $2y$10$ex7DcAGWqYVD0OtngJVt4es6cif5K6mSw/G7PacGKCOWQp85bQ5mG
Verify result: true
Trying auth for: admin
Input pass: admin1
Stored hash: $2y$10$w6mEBjM.OyYanuWliezO..Titef2bc60IP0IhEKNs53tapOhaXBIG
Verify result: true
Trying auth for: zxc
Input pass: zxczxc
Stored hash: $2y$10$dSDmsV54nOeWRo8P1x985.uwxr/G5z9tXv0qtpSjMjCuGNCeQczP6
Verify result: true
